Command line:
"travis encrypt Two-factor authentication is not enabled --add deploy.api_key"


  ________                                 __
 /        |                               /  |
 ########/ ______    ______    __     __  ##/    _______
    ## |  /      \  /      \  /  \   /  | /  |  /       |
    ## | /######  | ######  | ##  \ /##/  ## | /#######/
    ## | ## |  ##/  /    ## |  ##  /##/   ## | ##      \
    ## | ## |      /####### |   ## ##/    ## |  ######  |
    ## | ## |      ##    ## |    ###/     ## | /     ##/
    ##/  ##/        #######/      #/      ##/  #######/

    TRajectory Analyzer and VISualizer  -  Open-source free software under GNU GPL v3

    Copyright (c) Martin Brehm      (2009-2021), University of Halle (Saale)
                  Martin Thomas     (2012-2021)
                  Sascha Gehrke     (2016-2021), University of Bonn
                  Barbara Kirchner  (2009-2021), University of Bonn

    http://www.travis-analyzer.de

    Please cite: J. Chem. Phys. 2020, 152 (16), 164105.         (DOI 10.1063/5.0005078 )
                 J. Chem. Inf. Model. 2011, 51 (8), 2007-2023.  (DOI 10.1021/ci200217w )

    There is absolutely no warranty on any results obtained from TRAVIS.

 #  Running on vivobook at Mon Aug  8 15:23:42 2022 (PID 54429)
 #  Running in /home/fernando/Documentos/Freelance/Repository/CORP.STARTUP.BUSINESS.STOCK.FRONTEND.NODEJS.ANGULAR.V1/business-stock
 #  Version: May 21 2021, built at Sep 15 2021, 23:00:11, compiler "11.2.0", GCC 11.2.0
 #  Target platform: Linux, __cplusplus=201703L, Compile flags: NEW_CHARGEVAR DEBUG_ARRAYS 
 #  Compiled with OpenMP, but USE_OMP not switched on in "config.h"!
 #  Machine: x86_64, int=4b, long=8b, addr=8b, 0xA0B0C0D0=D0,C0,B0,A0.
 #  Home: /home/fernando,  Executable: /usr/bin/travis
 #  Input from terminal,  Output to terminal

    >>> Please use a color scheme with dark background or specify "-nocolor"! <<<

    Loading configuration from /home/fernando/.travis.conf ...

Unknown parameter: "encrypt".

    List of supported command line options:

      -p <file>       Load position data from specified trajectory file.
                      Format may be *.xyz, *.pdb, *.lmp/*.lammpstrj (LAMMPS), HISTORY (DLPOLY), *.gro, *.dcd, or *.prmtop/*.mdcrd (Amber).
                      The BQB format (*.bqb, *.btr, *.emp, *.blist) as well as *.voronoi are also supported.
      -vel <file>     Read atom velocities from a file in addition to the position trajectory.
                      Currently, only .xyz format is supported for velocity data.
      -i <file>       Read input from specified text file.
      -c <file>       Read and execute control file (experimental).
      cubetool        Execute the CubeTool for modifying Gaussian Cube files.
      -sankey <file>  Create sankey diagrams (file name is optional).
      -ramanfrompola  Compute Raman spectra from existing polarizability time series.
      (de-)compress   Start built-in bqbtool (compress trajectories to BQB format).
      check           Check BQB file integrity.
      -config <file>  Load the specified configuration file.
      -stream         Treat input trajectory as a stream (e.g. named pipe): No fseek, etc.
      -showconf       Show a tree structure of the configuration file.
      -writeconf      Write the default configuration file, including all defines values.

      -verbose        Show detailed information about what's going on.
      -nocolor        Execute TRAVIS in monochrome mode (suitable for white background).
      -dimcolor       Use dim instead of bright colors.

      -credits        Display a list of persons who contributed to TRAVIS.
      -help, -?       Shows this help.

    If only one argument is specified, it is assumed to be the name of a trajectory file.
    If argument is specified at all, TRAVIS asks for the trajectory file to open.

    Note: To show a list of all persons who contributed to TRAVIS,
          please add "-credits" to your command line arguments, or set the
          variable "SHOWCREDITS" to "TRUE" in your travis.conf file.

    Source code from other projects used in TRAVIS:
      - lmfit     from Joachim Wuttke
      - kiss_fft  from Mark Borgerding
      - voro++    from Chris Rycroft

    http://www.travis-analyzer.de

    Please cite all of the following articles for the analyses you have used:

  * For TRAVIS in general:

    "TRAVIS - A Free Analyzer for Trajectories from Molecular Simulation",
    M. Brehm, M. Thomas, S. Gehrke, B. Kirchner; J. Chem. Phys. 2020, 152 (16), 164105.   (DOI 10.1063/5.0005078 )

    "TRAVIS - A Free Analyzer and Visualizer for Monte Carlo and Molecular Dynamics Trajectories",
    M. Brehm, B. Kirchner; J. Chem. Inf. Model. 2011, 51 (8), pp 2007-2023.   (DOI 10.1021/ci200217w )

*** The End ***

